04-23 17:19:14 replicate_layout.action_replicate_layout 305:Plugin executed on: 'darwin'
04-23 17:19:14 replicate_layout.action_replicate_layout 306:Plugin executed with python version: '2.7.13 (default, Mar  6 2019, 04:43:15) \n[GCC 4.2.1 Compatible Apple LLVM 8.0.0 (clang-800.0.42.1)]'
04-23 17:19:14 replicate_layout.action_replicate_layout 307:KiCad build version: Unknown
04-23 17:19:14 replicate_layout.action_replicate_layout 308:Replicate layout plugin version: 64 started
04-23 17:19:14 replicate_layout.action_replicate_layout 340:Preparing replicator with Q1 as a reference
04-23 17:19:14 replicate_layout.replicatelayout 211:getting project hierarchy from schematics
04-23 17:19:14 replicate_layout.replicatelayout 213:Project hierarchy looks like:
{'5E9F1ABC': ['sheet5E9F1AAA', u'/Users/paul/Google Drive/elektronik/kicad/privat/LED_Driver/LED_Driver_8C/OD_MOSFET_DRIVER.sch'], '5E9F11B7': ['sheet5E9F11A5', u'/Users/paul/Google Drive/elektronik/kicad/privat/LED_Driver/LED_Driver_8C/OD_MOSFET_DRIVER.sch'], '5E9DEF1C': ['OD_MOSFET', u'/Users/paul/Google Drive/elektronik/kicad/privat/LED_Driver/LED_Driver_8C/OD_MOSFET_DRIVER.sch'], '5EA3F579': ['sheet5EA3F4F8', u'/Users/paul/Google Drive/elektronik/kicad/privat/LED_Driver/LED_Driver_8C/OD_MOSFET_DRIVER.sch'], '5EA3F50A': ['sheet5EA3F4F5', u'/Users/paul/Google Drive/elektronik/kicad/privat/LED_Driver/LED_Driver_8C/OD_MOSFET_DRIVER.sch'], '5EA2E786': ['sheet5EA2E774', u'/Users/paul/Google Drive/elektronik/kicad/privat/LED_Driver/LED_Driver_8C/OD_MOSFET_DRIVER.sch'], '5EA3F51C': ['sheet5EA3F4F6', u'/Users/paul/Google Drive/elektronik/kicad/privat/LED_Driver/LED_Driver_8C/OD_MOSFET_DRIVER.sch'], '5EA3F52E': ['sheet5EA3F4F7', u'/Users/paul/Google Drive/elektronik/kicad/privat/LED_Driver/LED_Driver_8C/OD_MOSFET_DRIVER.sch']}
04-23 17:19:14 replicate_layout.replicatelayout 221:getting a list of all footprints on board
04-23 17:19:14 replicate_layout.action_replicate_layout 367:source anchor footprint is u'Q1'
Located on:['OD_MOSFET']
With filenames:[u'OD_MOSFET_DRIVER.sch']
With sheet_id:['OD_MOSFET']
04-23 17:19:14 replicate_layout.action_replicate_layout 371:Corresponding footprints are 
[(u'Q22', ['sheet5EA3F4F8']), (u'Q19', ['sheet5EA3F4F7']), (u'Q16', ['sheet5EA3F4F6']), (u'Q13', ['sheet5EA3F4F5']), (u'Q10', ['sheet5EA2E774']), (u'Q3', ['sheet5E9F1AAA']), (u'Q2', ['sheet5E9F11A5']), (u'Q1', ['OD_MOSFET'])]
04-23 17:19:14 replicate_layout.action_replicate_layout 384:Showing dialog
04-23 17:19:14 replicate_layout.action_replicate_layout 388:Pcbnew position: wx.Point(0, 23)
04-23 17:19:14 replicate_layout.action_replicate_layout 394:Display 0: wx.Rect(0, 0, 1680, 1050)
04-23 17:19:14 replicate_layout.action_replicate_layout 394:Display 1: wx.Rect(1680, 0, 1680, 1050)
04-23 17:19:14 replicate_layout.action_replicate_layout 398:Toolbar position: wx.Point(1479, 117)
04-23 17:19:14 replicate_layout.action_replicate_layout 405:Dialog position: wx.Point(1166, 117)
04-23 17:19:17 replicate_layout.replicatelayout 245:construcing a list of sheets suitable for replication on level:'OD_MOSFET', file:u'OD_MOSFET_DRIVER.sch'
04-23 17:19:17 replicate_layout.replicatelayout 252:Source sheet path up to the level:['OD_MOSFET']
04-23 17:19:17 replicate_layout.replicatelayout 256:Footprints on the sheets:
[u'Q22', u'Q19', u'Q16', u'Q13', u'Q10', u'Q3', u'Q2', u'Q1']
04-23 17:19:17 replicate_layout.replicatelayout 259:Footprints raw sheet ids:
[u'/5EA3F579/5E9E0231', u'/5EA3F52E/5E9E0231', u'/5EA3F51C/5E9E0231', u'/5EA3F50A/5E9E0231', u'/5EA2E786/5E9E0231', u'/5E9F1ABC/5E9E0231', u'/5E9F11B7/5E9E0231', u'/5E9DEF1C/5E9E0231']
04-23 17:19:17 replicate_layout.replicatelayout 275:All sheets to replicate:
[['sheet5EA3F4F8'], ['sheet5EA3F4F7'], ['sheet5EA3F4F6'], ['sheet5EA3F4F5'], ['sheet5EA2E774'], ['sheet5E9F1AAA'], ['sheet5E9F11A5'], ['OD_MOSFET']]
04-23 17:19:17 replicate_layout.replicatelayout 280:All sheets to replicate sorted:
[['OD_MOSFET'], ['sheet5E9F11A5'], ['sheet5E9F1AAA'], ['sheet5EA2E774'], ['sheet5EA3F4F5'], ['sheet5EA3F4F6'], ['sheet5EA3F4F7'], ['sheet5EA3F4F8']]
04-23 17:19:17 replicate_layout.replicatelayout 286:All sheets to replicate sorted and without source sheet:
[['sheet5E9F11A5'], ['sheet5E9F1AAA'], ['sheet5EA2E774'], ['sheet5EA3F4F5'], ['sheet5EA3F4F6'], ['sheet5EA3F4F7'], ['sheet5EA3F4F8']]
04-23 17:19:22 replicate_layout.replicatelayout 245:construcing a list of sheets suitable for replication on level:'OD_MOSFET', file:u'OD_MOSFET_DRIVER.sch'
04-23 17:19:22 replicate_layout.replicatelayout 252:Source sheet path up to the level:['OD_MOSFET']
04-23 17:19:22 replicate_layout.replicatelayout 256:Footprints on the sheets:
[u'Q22', u'Q19', u'Q16', u'Q13', u'Q10', u'Q3', u'Q2', u'Q1']
04-23 17:19:22 replicate_layout.replicatelayout 259:Footprints raw sheet ids:
[u'/5EA3F579/5E9E0231', u'/5EA3F52E/5E9E0231', u'/5EA3F51C/5E9E0231', u'/5EA3F50A/5E9E0231', u'/5EA2E786/5E9E0231', u'/5E9F1ABC/5E9E0231', u'/5E9F11B7/5E9E0231', u'/5E9DEF1C/5E9E0231']
04-23 17:19:22 replicate_layout.replicatelayout 275:All sheets to replicate:
[['sheet5EA3F4F8'], ['sheet5EA3F4F7'], ['sheet5EA3F4F6'], ['sheet5EA3F4F5'], ['sheet5EA2E774'], ['sheet5E9F1AAA'], ['sheet5E9F11A5'], ['OD_MOSFET']]
04-23 17:19:22 replicate_layout.replicatelayout 280:All sheets to replicate sorted:
[['OD_MOSFET'], ['sheet5E9F11A5'], ['sheet5E9F1AAA'], ['sheet5EA2E774'], ['sheet5EA3F4F5'], ['sheet5EA3F4F6'], ['sheet5EA3F4F7'], ['sheet5EA3F4F8']]
04-23 17:19:22 replicate_layout.replicatelayout 286:All sheets to replicate sorted and without source sheet:
[['sheet5E9F11A5'], ['sheet5E9F1AAA'], ['sheet5EA2E774'], ['sheet5EA3F4F5'], ['sheet5EA3F4F6'], ['sheet5EA3F4F7'], ['sheet5EA3F4F8']]
04-23 17:19:22 replicate_layout.action_replicate_layout 179:Replicating layout
04-23 17:19:22 replicate_layout.replicatelayout 986:Starting replication of sheets: [['sheet5E9F11A5'], ['sheet5E9F1AAA'], ['sheet5EA2E774'], ['sheet5EA3F4F5'], ['sheet5EA3F4F6'], ['sheet5EA3F4F7'], ['sheet5EA3F4F8']]
on level: ['OD_MOSFET']
with tracks=True, zone=True, text=True, containing=False, remove=True, locked=False
04-23 17:19:22 root 261:updating GUI message: 'Preparing for replication'
04-23 17:19:22 root 266:updating GUI with: 0
04-23 17:19:22 replicate_layout.replicatelayout 552:Getting the list of source footprints
04-23 17:19:22 root 266:updating GUI with: 0
04-23 17:19:22 replicate_layout.replicatelayout 556:Getting the list of all the remaining footprints
04-23 17:19:22 replicate_layout.replicatelayout 560:Getting nets local to source footprints
04-23 17:19:22 replicate_layout.replicatelayout 564:Getting source bounding box
04-23 17:19:22 root 266:updating GUI with: 37
04-23 17:19:22 replicate_layout.replicatelayout 568:Getting source tracks
04-23 17:19:22 replicate_layout.replicatelayout 572:Getting source zones
04-23 17:19:22 root 266:updating GUI with: 62
04-23 17:19:22 replicate_layout.replicatelayout 576:Getting source text items
04-23 17:19:22 replicate_layout.replicatelayout 580:Getting source text items
04-23 17:19:22 replicate_layout.replicatelayout 1014:Removing tracks and zones, before module placement
04-23 17:19:22 root 261:updating GUI message: 'Removing zones and tracks'
04-23 17:19:22 root 266:updating GUI with: 14
04-23 17:19:22 root 266:updating GUI with: 28
04-23 17:19:22 root 266:updating GUI with: 42
04-23 17:19:22 root 266:updating GUI with: 57
04-23 17:19:22 root 266:updating GUI with: 71
04-23 17:19:22 root 266:updating GUI with: 85
04-23 17:19:22 root 261:updating GUI message: 'Replicating footprints'
04-23 17:19:22 root 266:updating GUI with: 0
04-23 17:19:22 replicate_layout.replicatelayout 586:Replicating footprints
04-23 17:19:22 replicate_layout.replicatelayout 592:Replicating footprints on sheet ['sheet5E9F11A5']
04-23 17:19:22 root 266:updating GUI with: 14
04-23 17:19:22 replicate_layout.replicatelayout 592:Replicating footprints on sheet ['sheet5E9F1AAA']
04-23 17:19:22 root 266:updating GUI with: 28
04-23 17:19:22 replicate_layout.replicatelayout 592:Replicating footprints on sheet ['sheet5EA2E774']
04-23 17:19:22 root 266:updating GUI with: 42
04-23 17:19:22 replicate_layout.replicatelayout 592:Replicating footprints on sheet ['sheet5EA3F4F5']
04-23 17:19:22 root 266:updating GUI with: 57
04-23 17:19:22 replicate_layout.replicatelayout 592:Replicating footprints on sheet ['sheet5EA3F4F6']
04-23 17:19:22 root 266:updating GUI with: 71
04-23 17:19:22 replicate_layout.replicatelayout 592:Replicating footprints on sheet ['sheet5EA3F4F7']
04-23 17:19:22 root 266:updating GUI with: 85
04-23 17:19:22 replicate_layout.replicatelayout 592:Replicating footprints on sheet ['sheet5EA3F4F8']
04-23 17:19:22 root 266:updating GUI with: 100
04-23 17:19:22 replicate_layout.replicatelayout 1022:Removing tracks and zones, after module placement
04-23 17:19:22 root 261:updating GUI message: 'Removing zones and tracks'
04-23 17:19:22 root 266:updating GUI with: 0
04-23 17:19:22 root 266:updating GUI with: 28
04-23 17:19:22 root 266:updating GUI with: 42
04-23 17:19:22 root 266:updating GUI with: 57
04-23 17:19:22 root 266:updating GUI with: 71
04-23 17:19:22 root 261:updating GUI message: 'Replicating tracks'
04-23 17:19:22 root 266:updating GUI with: 0
04-23 17:19:22 replicate_layout.replicatelayout 712:Replicating tracks
04-23 17:19:22 replicate_layout.replicatelayout 718:Replicating tracks on sheet ['sheet5E9F11A5']
04-23 17:19:22 replicate_layout.replicatelayout 718:Replicating tracks on sheet ['sheet5E9F1AAA']
04-23 17:19:22 root 266:updating GUI with: 14
04-23 17:19:22 replicate_layout.replicatelayout 718:Replicating tracks on sheet ['sheet5EA2E774']
04-23 17:19:22 replicate_layout.replicatelayout 718:Replicating tracks on sheet ['sheet5EA3F4F5']
04-23 17:19:22 root 266:updating GUI with: 43
04-23 17:19:22 replicate_layout.replicatelayout 718:Replicating tracks on sheet ['sheet5EA3F4F6']
04-23 17:19:22 replicate_layout.replicatelayout 718:Replicating tracks on sheet ['sheet5EA3F4F7']
04-23 17:19:22 root 266:updating GUI with: 71
04-23 17:19:22 replicate_layout.replicatelayout 718:Replicating tracks on sheet ['sheet5EA3F4F8']
04-23 17:19:22 root 261:updating GUI message: 'Replicating zones'
04-23 17:19:22 replicate_layout.replicatelayout 763:Replicating zones
04-23 17:19:22 root 266:updating GUI with: 0
04-23 17:19:22 replicate_layout.replicatelayout 770:Replicating zones on sheet ['sheet5E9F11A5']
04-23 17:19:22 replicate_layout.replicatelayout 770:Replicating zones on sheet ['sheet5E9F1AAA']
04-23 17:19:22 root 266:updating GUI with: 21
04-23 17:19:22 replicate_layout.replicatelayout 770:Replicating zones on sheet ['sheet5EA2E774']
04-23 17:19:22 replicate_layout.replicatelayout 770:Replicating zones on sheet ['sheet5EA3F4F5']
04-23 17:19:22 root 266:updating GUI with: 50
04-23 17:19:22 replicate_layout.replicatelayout 770:Replicating zones on sheet ['sheet5EA3F4F6']
04-23 17:19:22 root 266:updating GUI with: 71
04-23 17:19:22 replicate_layout.replicatelayout 770:Replicating zones on sheet ['sheet5EA3F4F7']
04-23 17:19:22 root 266:updating GUI with: 78
04-23 17:19:22 root 266:updating GUI with: 85
04-23 17:19:23 root 266:updating GUI with: 85
04-23 17:19:23 replicate_layout.replicatelayout 770:Replicating zones on sheet ['sheet5EA3F4F8']
04-23 17:19:23 root 261:updating GUI message: 'Replicating text'
04-23 17:19:23 replicate_layout.replicatelayout 829:Replicating text
04-23 17:19:23 replicate_layout.replicatelayout 836:Replicating text on sheet ['sheet5E9F11A5']
04-23 17:19:23 replicate_layout.replicatelayout 836:Replicating text on sheet ['sheet5E9F1AAA']
04-23 17:19:23 replicate_layout.replicatelayout 836:Replicating text on sheet ['sheet5EA2E774']
04-23 17:19:23 replicate_layout.replicatelayout 836:Replicating text on sheet ['sheet5EA3F4F5']
04-23 17:19:23 replicate_layout.replicatelayout 836:Replicating text on sheet ['sheet5EA3F4F6']
04-23 17:19:23 replicate_layout.replicatelayout 836:Replicating text on sheet ['sheet5EA3F4F7']
04-23 17:19:23 root 266:updating GUI with: 85
04-23 17:19:23 replicate_layout.replicatelayout 836:Replicating text on sheet ['sheet5EA3F4F8']
04-23 17:19:23 root 261:updating GUI message: 'Replicating drawings'
04-23 17:19:23 replicate_layout.replicatelayout 860:Replicating drawings
04-23 17:19:23 replicate_layout.replicatelayout 866:Replicating drawings on sheet ['sheet5E9F11A5']
04-23 17:19:23 replicate_layout.replicatelayout 866:Replicating drawings on sheet ['sheet5E9F1AAA']
04-23 17:19:23 replicate_layout.replicatelayout 866:Replicating drawings on sheet ['sheet5EA2E774']
04-23 17:19:23 replicate_layout.replicatelayout 866:Replicating drawings on sheet ['sheet5EA3F4F5']
04-23 17:19:23 replicate_layout.replicatelayout 866:Replicating drawings on sheet ['sheet5EA3F4F6']
04-23 17:19:23 replicate_layout.replicatelayout 866:Replicating drawings on sheet ['sheet5EA3F4F7']
04-23 17:19:23 replicate_layout.replicatelayout 866:Replicating drawings on sheet ['sheet5EA3F4F8']
04-23 17:19:23 root 261:updating GUI message: 'Removing duplicates'
04-23 17:19:23 replicate_layout.action_replicate_layout 201:Replication complete
